[2022-05-30T11:04:54.849Z] Validating found git in: git
[2022-05-30T11:04:54.877Z] Using git 2.36.1 from git
[2022-05-30T11:04:54.894Z] > git rev-parse --show-toplevel [4ms]
[2022-05-30T11:04:54.908Z] > git rev-parse --git-dir --git-common-dir [2ms]
[2022-05-30T11:04:54.920Z] Open repository: /home/darlan/www/rails/blog
[2022-05-30T11:04:54.936Z] > git status -z -uall [5ms]
[2022-05-30T11:04:54.945Z] > git symbolic-ref --short HEAD [2ms]
[2022-05-30T11:04:54.953Z] > git for-each-ref --format=%(refname)%00%(upstream:short)%00%(objectname)%00%(upstream:track)%00%(upstream:remotename)%00%(upstream:remoteref) refs/heads/main refs/remotes/main [2ms]
[2022-05-30T11:04:54.979Z] > git remote --verbose [11ms]
[2022-05-30T11:04:54.980Z] > git for-each-ref --sort -committerdate --format %(refname) %(objectname) %(*objectname) [20ms]
[2022-05-30T11:04:54.995Z] > git config --get commit.template [2ms]
[2022-05-30T11:04:55.487Z] > git check-ignore -v -z --stdin [2ms]
[2022-05-30T11:04:58.596Z] > git check-ignore -v -z --stdin [2ms]
[2022-05-30T11:05:30.354Z] > git status -z -uall [3ms]
[2022-05-30T11:05:30.364Z] > git symbolic-ref --short HEAD [2ms]
[2022-05-30T11:05:30.372Z] > git for-each-ref --format=%(refname)%00%(upstream:short)%00%(objectname)%00%(upstream:track)%00%(upstream:remotename)%00%(upstream:remoteref) refs/heads/main refs/remotes/main [2ms]
[2022-05-30T11:05:30.385Z] > git for-each-ref --sort -committerdate --format %(refname) %(objectname) %(*objectname) [6ms]
[2022-05-30T11:05:30.386Z] > git remote --verbose [2ms]
[2022-05-30T11:05:30.394Z] > git config --get commit.template [1ms]
[2022-05-30T11:05:35.405Z] > git status -z -uall [3ms]
[2022-05-30T11:05:35.411Z] > git symbolic-ref --short HEAD [1ms]
[2022-05-30T11:05:35.418Z] > git for-each-ref --format=%(refname)%00%(upstream:short)%00%(objectname)%00%(upstream:track)%00%(upstream:remotename)%00%(upstream:remoteref) refs/heads/main refs/remotes/main [1ms]
[2022-05-30T11:05:35.428Z] > git for-each-ref --sort -committerdate --format %(refname) %(objectname) %(*objectname) [6ms]
[2022-05-30T11:05:35.429Z] > git remote --verbose [2ms]
[2022-05-30T11:05:35.436Z] > git config --get commit.template [1ms]
[2022-05-30T11:06:34.168Z] > git check-ignore -v -z --stdin [2ms]
[2022-05-30T11:06:53.747Z] > git show --textconv :tmp/teste.rb [8ms]
[2022-05-30T11:06:53.759Z] > git ls-files --stage -- /home/darlan/www/rails/blog/tmp/teste.rb [13ms]
[2022-05-30T11:06:53.959Z] > git check-ignore -v -z --stdin [2ms]
[2022-05-30T11:06:54.440Z] > git status -z -uall [2ms]
[2022-05-30T11:06:54.446Z] > git symbolic-ref --short HEAD [1ms]
[2022-05-30T11:06:54.454Z] > git for-each-ref --format=%(refname)%00%(upstream:short)%00%(objectname)%00%(upstream:track)%00%(upstream:remotename)%00%(upstream:remoteref) refs/heads/main refs/remotes/main [2ms]
[2022-05-30T11:06:54.465Z] > git remote --verbose [1ms]
[2022-05-30T11:06:54.466Z] > git for-each-ref --sort -committerdate --format %(refname) %(objectname) %(*objectname) [7ms]
[2022-05-30T11:06:54.473Z] > git config --get commit.template [1ms]
[2022-05-30T11:07:07.981Z] > git status -z -uall [4ms]
[2022-05-30T11:07:07.990Z] > git symbolic-ref --short HEAD [2ms]
[2022-05-30T11:07:07.996Z] > git for-each-ref --format=%(refname)%00%(upstream:short)%00%(objectname)%00%(upstream:track)%00%(upstream:remotename)%00%(upstream:remoteref) refs/heads/main refs/remotes/main [1ms]
[2022-05-30T11:07:08.007Z] > git for-each-ref --sort -committerdate --format %(refname) %(objectname) %(*objectname) [6ms]
[2022-05-30T11:07:08.008Z] > git remote --verbose [2ms]
[2022-05-30T11:07:08.014Z] > git config --get commit.template [1ms]
[2022-05-30T11:08:06.360Z] > git show --textconv :tmp/teste.rb [6ms]
[2022-05-30T11:08:06.361Z] > git ls-files --stage -- /home/darlan/www/rails/blog/tmp/teste.rb [2ms]
[2022-05-30T11:13:37.625Z] > git status -z -uall [4ms]
[2022-05-30T11:13:37.634Z] > git symbolic-ref --short HEAD [2ms]
[2022-05-30T11:13:37.640Z] > git for-each-ref --format=%(refname)%00%(upstream:short)%00%(objectname)%00%(upstream:track)%00%(upstream:remotename)%00%(upstream:remoteref) refs/heads/main refs/remotes/main [2ms]
[2022-05-30T11:13:37.650Z] > git for-each-ref --sort -committerdate --format %(refname) %(objectname) %(*objectname) [6ms]
[2022-05-30T11:13:37.650Z] > git remote --verbose [1ms]
[2022-05-30T11:13:37.657Z] > git config --get commit.template [1ms]
[2022-05-30T11:13:42.666Z] > git status -z -uall [3ms]
[2022-05-30T11:13:42.675Z] > git symbolic-ref --short HEAD [1ms]
[2022-05-30T11:13:42.683Z] > git for-each-ref --format=%(refname)%00%(upstream:short)%00%(objectname)%00%(upstream:track)%00%(upstream:remotename)%00%(upstream:remoteref) refs/heads/main refs/remotes/main [1ms]
[2022-05-30T11:13:42.693Z] > git for-each-ref --sort -committerdate --format %(refname) %(objectname) %(*objectname) [5ms]
[2022-05-30T11:13:42.694Z] > git remote --verbose [2ms]
[2022-05-30T11:13:42.701Z] > git config --get commit.template [1ms]
[2022-05-30T11:13:47.712Z] > git status -z -uall [4ms]
[2022-05-30T11:13:47.720Z] > git symbolic-ref --short HEAD [2ms]
[2022-05-30T11:13:47.727Z] > git for-each-ref --format=%(refname)%00%(upstream:short)%00%(objectname)%00%(upstream:track)%00%(upstream:remotename)%00%(upstream:remoteref) refs/heads/main refs/remotes/main [1ms]
[2022-05-30T11:13:47.738Z] > git for-each-ref --sort -committerdate --format %(refname) %(objectname) %(*objectname) [6ms]
[2022-05-30T11:13:47.739Z] > git remote --verbose [2ms]
[2022-05-30T11:13:47.750Z] > git config --get commit.template [2ms]
[2022-05-30T11:13:52.764Z] > git status -z -uall [4ms]
[2022-05-30T11:13:52.771Z] > git symbolic-ref --short HEAD [1ms]
[2022-05-30T11:13:52.780Z] > git for-each-ref --format=%(refname)%00%(upstream:short)%00%(objectname)%00%(upstream:track)%00%(upstream:remotename)%00%(upstream:remoteref) refs/heads/main refs/remotes/main [2ms]
[2022-05-30T11:13:52.792Z] > git for-each-ref --sort -committerdate --format %(refname) %(objectname) %(*objectname) [7ms]
[2022-05-30T11:13:52.793Z] > git remote --verbose [1ms]
[2022-05-30T11:13:52.800Z] > git config --get commit.template [1ms]
[2022-05-30T11:13:57.810Z] > git status -z -uall [3ms]
[2022-05-30T11:13:57.817Z] > git symbolic-ref --short HEAD [2ms]
[2022-05-30T11:13:57.824Z] > git for-each-ref --format=%(refname)%00%(upstream:short)%00%(objectname)%00%(upstream:track)%00%(upstream:remotename)%00%(upstream:remoteref) refs/heads/main refs/remotes/main [2ms]
[2022-05-30T11:13:57.835Z] > git for-each-ref --sort -committerdate --format %(refname) %(objectname) %(*objectname) [6ms]
[2022-05-30T11:13:57.836Z] > git remote --verbose [2ms]
[2022-05-30T11:13:57.844Z] > git config --get commit.template [1ms]
[2022-05-30T11:14:15.843Z] > git status -z -uall [4ms]
[2022-05-30T11:14:15.851Z] > git symbolic-ref --short HEAD [2ms]
[2022-05-30T11:14:15.858Z] > git for-each-ref --format=%(refname)%00%(upstream:short)%00%(objectname)%00%(upstream:track)%00%(upstream:remotename)%00%(upstream:remoteref) refs/heads/main refs/remotes/main [1ms]
[2022-05-30T11:14:15.871Z] > git for-each-ref --sort -committerdate --format %(refname) %(objectname) %(*objectname) [7ms]
[2022-05-30T11:14:15.871Z] > git remote --verbose [1ms]
[2022-05-30T11:14:15.878Z] > git config --get commit.template [1ms]
[2022-05-30T11:14:51.603Z] > git status -z -uall [3ms]
[2022-05-30T11:14:51.611Z] > git symbolic-ref --short HEAD [1ms]
[2022-05-30T11:14:51.618Z] > git for-each-ref --format=%(refname)%00%(upstream:short)%00%(objectname)%00%(upstream:track)%00%(upstream:remotename)%00%(upstream:remoteref) refs/heads/main refs/remotes/main [1ms]
[2022-05-30T11:14:51.632Z] > git for-each-ref --sort -committerdate --format %(refname) %(objectname) %(*objectname) [7ms]
[2022-05-30T11:14:51.633Z] > git remote --verbose [2ms]
[2022-05-30T11:14:51.642Z] > git config --get commit.template [1ms]
[2022-05-30T11:14:56.654Z] > git status -z -uall [4ms]
[2022-05-30T11:14:56.661Z] > git symbolic-ref --short HEAD [1ms]
[2022-05-30T11:14:56.668Z] > git for-each-ref --format=%(refname)%00%(upstream:short)%00%(objectname)%00%(upstream:track)%00%(upstream:remotename)%00%(upstream:remoteref) refs/heads/main refs/remotes/main [2ms]
[2022-05-30T11:14:56.678Z] > git for-each-ref --sort -committerdate --format %(refname) %(objectname) %(*objectname) [6ms]
[2022-05-30T11:14:56.679Z] > git remote --verbose [1ms]
[2022-05-30T11:14:56.687Z] > git config --get commit.template [1ms]
[2022-05-30T11:15:33.281Z] > git status -z -uall [2ms]
[2022-05-30T11:15:33.295Z] > git symbolic-ref --short HEAD [2ms]
[2022-05-30T11:15:33.303Z] > git for-each-ref --format=%(refname)%00%(upstream:short)%00%(objectname)%00%(upstream:track)%00%(upstream:remotename)%00%(upstream:remoteref) refs/heads/main refs/remotes/main [2ms]
[2022-05-30T11:15:33.318Z] > git remote --verbose [2ms]
[2022-05-30T11:15:33.318Z] > git for-each-ref --sort -committerdate --format %(refname) %(objectname) %(*objectname) [9ms]
[2022-05-30T11:15:33.326Z] > git config --get commit.template [1ms]
[2022-05-30T11:15:39.141Z] > git status -z -uall [3ms]
[2022-05-30T11:15:39.148Z] > git symbolic-ref --short HEAD [1ms]
[2022-05-30T11:15:39.154Z] > git for-each-ref --format=%(refname)%00%(upstream:short)%00%(objectname)%00%(upstream:track)%00%(upstream:remotename)%00%(upstream:remoteref) refs/heads/main refs/remotes/main [2ms]
[2022-05-30T11:15:39.165Z] > git for-each-ref --sort -committerdate --format %(refname) %(objectname) %(*objectname) [6ms]
[2022-05-30T11:15:39.165Z] > git remote --verbose [1ms]
[2022-05-30T11:15:39.172Z] > git config --get commit.template [1ms]
[2022-05-30T11:16:08.735Z] > git status -z -uall [3ms]
[2022-05-30T11:16:08.743Z] > git symbolic-ref --short HEAD [1ms]
[2022-05-30T11:16:08.751Z] > git for-each-ref --format=%(refname)%00%(upstream:short)%00%(objectname)%00%(upstream:track)%00%(upstream:remotename)%00%(upstream:remoteref) refs/heads/main refs/remotes/main [2ms]
[2022-05-30T11:16:08.761Z] > git for-each-ref --sort -committerdate --format %(refname) %(objectname) %(*objectname) [5ms]
[2022-05-30T11:16:08.761Z] > git remote --verbose [1ms]
[2022-05-30T11:16:08.769Z] > git config --get commit.template [1ms]
[2022-05-30T11:16:13.779Z] > git status -z -uall [3ms]
[2022-05-30T11:16:13.787Z] > git symbolic-ref --short HEAD [1ms]
[2022-05-30T11:16:13.795Z] > git for-each-ref --format=%(refname)%00%(upstream:short)%00%(objectname)%00%(upstream:track)%00%(upstream:remotename)%00%(upstream:remoteref) refs/heads/main refs/remotes/main [2ms]
[2022-05-30T11:16:13.806Z] > git for-each-ref --sort -committerdate --format %(refname) %(objectname) %(*objectname) [6ms]
[2022-05-30T11:16:13.806Z] > git remote --verbose [1ms]
[2022-05-30T11:16:13.814Z] > git config --get commit.template [1ms]
[2022-05-30T11:16:18.824Z] > git status -z -uall [3ms]
[2022-05-30T11:16:18.829Z] > git symbolic-ref --short HEAD [1ms]
[2022-05-30T11:16:18.835Z] > git for-each-ref --format=%(refname)%00%(upstream:short)%00%(objectname)%00%(upstream:track)%00%(upstream:remotename)%00%(upstream:remoteref) refs/heads/main refs/remotes/main [2ms]
[2022-05-30T11:16:18.846Z] > git for-each-ref --sort -committerdate --format %(refname) %(objectname) %(*objectname) [6ms]
[2022-05-30T11:16:18.846Z] > git remote --verbose [1ms]
[2022-05-30T11:16:18.854Z] > git config --get commit.template [1ms]
[2022-05-30T11:16:26.345Z] > git status -z -uall [3ms]
[2022-05-30T11:16:26.355Z] > git symbolic-ref --short HEAD [2ms]
[2022-05-30T11:16:26.363Z] > git for-each-ref --format=%(refname)%00%(upstream:short)%00%(objectname)%00%(upstream:track)%00%(upstream:remotename)%00%(upstream:remoteref) refs/heads/main refs/remotes/main [2ms]
[2022-05-30T11:16:26.373Z] > git for-each-ref --sort -committerdate --format %(refname) %(objectname) %(*objectname) [5ms]
[2022-05-30T11:16:26.373Z] > git remote --verbose [1ms]
[2022-05-30T11:16:26.380Z] > git config --get commit.template [2ms]
[2022-05-30T11:16:31.391Z] > git status -z -uall [4ms]
[2022-05-30T11:16:31.401Z] > git symbolic-ref --short HEAD [1ms]
[2022-05-30T11:16:31.408Z] > git for-each-ref --format=%(refname)%00%(upstream:short)%00%(objectname)%00%(upstream:track)%00%(upstream:remotename)%00%(upstream:remoteref) refs/heads/main refs/remotes/main [1ms]
[2022-05-30T11:16:31.420Z] > git for-each-ref --sort -committerdate --format %(refname) %(objectname) %(*objectname) [6ms]
[2022-05-30T11:16:31.421Z] > git remote --verbose [2ms]
[2022-05-30T11:16:31.428Z] > git config --get commit.template [1ms]
[2022-05-30T11:16:36.437Z] > git status -z -uall [2ms]
[2022-05-30T11:16:36.445Z] > git symbolic-ref --short HEAD [1ms]
[2022-05-30T11:16:36.452Z] > git for-each-ref --format=%(refname)%00%(upstream:short)%00%(objectname)%00%(upstream:track)%00%(upstream:remotename)%00%(upstream:remoteref) refs/heads/main refs/remotes/main [1ms]
[2022-05-30T11:16:36.464Z] > git for-each-ref --sort -committerdate --format %(refname) %(objectname) %(*objectname) [6ms]
[2022-05-30T11:16:36.465Z] > git remote --verbose [2ms]
[2022-05-30T11:16:36.473Z] > git config --get commit.template [2ms]
[2022-05-30T11:16:51.015Z] > git status -z -uall [2ms]
[2022-05-30T11:16:51.023Z] > git symbolic-ref --short HEAD [1ms]
[2022-05-30T11:16:51.029Z] > git for-each-ref --format=%(refname)%00%(upstream:short)%00%(objectname)%00%(upstream:track)%00%(upstream:remotename)%00%(upstream:remoteref) refs/heads/main refs/remotes/main [1ms]
[2022-05-30T11:16:51.040Z] > git for-each-ref --sort -committerdate --format %(refname) %(objectname) %(*objectname) [5ms]
[2022-05-30T11:16:51.040Z] > git remote --verbose [0ms]
[2022-05-30T11:16:51.047Z] > git config --get commit.template [1ms]
[2022-05-30T11:19:32.527Z] > git status -z -uall [3ms]
[2022-05-30T11:19:32.535Z] > git symbolic-ref --short HEAD [3ms]
[2022-05-30T11:19:32.542Z] > git for-each-ref --format=%(refname)%00%(upstream:short)%00%(objectname)%00%(upstream:track)%00%(upstream:remotename)%00%(upstream:remoteref) refs/heads/main refs/remotes/main [1ms]
[2022-05-30T11:19:32.555Z] > git for-each-ref --sort -committerdate --format %(refname) %(objectname) %(*objectname) [7ms]
[2022-05-30T11:19:32.556Z] > git remote --verbose [2ms]
[2022-05-30T11:19:32.563Z] > git config --get commit.template [1ms]
[2022-05-30T11:19:32.587Z] > git ls-files --stage -- /home/darlan/www/rails/blog/tmp/teste.rb [2ms]
[2022-05-30T11:19:32.596Z] > git show --textconv :tmp/teste.rb [1ms]
[2022-05-30T11:19:39.576Z] > git status -z -uall [3ms]
[2022-05-30T11:19:39.586Z] > git symbolic-ref --short HEAD [2ms]
[2022-05-30T11:19:39.596Z] > git for-each-ref --format=%(refname)%00%(upstream:short)%00%(objectname)%00%(upstream:track)%00%(upstream:remotename)%00%(upstream:remoteref) refs/heads/main refs/remotes/main [2ms]
[2022-05-30T11:19:39.610Z] > git for-each-ref --sort -committerdate --format %(refname) %(objectname) %(*objectname) [7ms]
[2022-05-30T11:19:39.610Z] > git remote --verbose [2ms]
[2022-05-30T11:19:39.618Z] > git config --get commit.template [2ms]
[2022-05-30T15:33:59.423Z] > git show --textconv :tmp/pessoa.rb [5ms]
[2022-05-30T15:33:59.424Z] > git ls-files --stage -- /home/darlan/www/rails/blog/tmp/pessoa.rb [1ms]
[2022-05-30T15:33:59.652Z] > git check-ignore -v -z --stdin [2ms]
[2022-05-30T15:34:00.133Z] > git status -z -uall [4ms]
[2022-05-30T15:34:00.140Z] > git symbolic-ref --short HEAD [2ms]
[2022-05-30T15:34:00.148Z] > git for-each-ref --format=%(refname)%00%(upstream:short)%00%(objectname)%00%(upstream:track)%00%(upstream:remotename)%00%(upstream:remoteref) refs/heads/main refs/remotes/main [2ms]
[2022-05-30T15:34:00.162Z] > git for-each-ref --sort -committerdate --format %(refname) %(objectname) %(*objectname) [8ms]
[2022-05-30T15:34:00.162Z] > git remote --verbose [2ms]
[2022-05-30T15:34:00.169Z] > git config --get commit.template [1ms]
[2022-05-30T15:34:12.343Z] > git status -z -uall [3ms]
[2022-05-30T15:34:12.351Z] > git symbolic-ref --short HEAD [2ms]
[2022-05-30T15:34:12.357Z] > git for-each-ref --format=%(refname)%00%(upstream:short)%00%(objectname)%00%(upstream:track)%00%(upstream:remotename)%00%(upstream:remoteref) refs/heads/main refs/remotes/main [1ms]
[2022-05-30T15:34:12.369Z] > git for-each-ref --sort -committerdate --format %(refname) %(objectname) %(*objectname) [5ms]
[2022-05-30T15:34:12.369Z] > git remote --verbose [1ms]
[2022-05-30T15:34:12.375Z] > git config --get commit.template [0ms]
[2022-05-30T15:34:18.082Z] > git status -z -uall [4ms]
[2022-05-30T15:34:18.090Z] > git symbolic-ref --short HEAD [1ms]
[2022-05-30T15:34:18.096Z] > git for-each-ref --format=%(refname)%00%(upstream:short)%00%(objectname)%00%(upstream:track)%00%(upstream:remotename)%00%(upstream:remoteref) refs/heads/main refs/remotes/main [1ms]
[2022-05-30T15:34:18.106Z] > git for-each-ref --sort -committerdate --format %(refname) %(objectname) %(*objectname) [5ms]
[2022-05-30T15:34:18.107Z] > git remote --verbose [1ms]
[2022-05-30T15:34:18.114Z] > git config --get commit.template [1ms]
[2022-05-30T15:34:23.125Z] > git status -z -uall [4ms]
[2022-05-30T15:34:23.132Z] > git symbolic-ref --short HEAD [1ms]
[2022-05-30T15:34:23.139Z] > git for-each-ref --format=%(refname)%00%(upstream:short)%00%(objectname)%00%(upstream:track)%00%(upstream:remotename)%00%(upstream:remoteref) refs/heads/main refs/remotes/main [1ms]
[2022-05-30T15:34:23.152Z] > git for-each-ref --sort -committerdate --format %(refname) %(objectname) %(*objectname) [8ms]
[2022-05-30T15:34:23.153Z] > git remote --verbose [2ms]
[2022-05-30T15:34:23.161Z] > git config --get commit.template [0ms]
[2022-05-30T15:34:28.171Z] > git status -z -uall [3ms]
[2022-05-30T15:34:28.177Z] > git symbolic-ref --short HEAD [1ms]
[2022-05-30T15:34:28.183Z] > git for-each-ref --format=%(refname)%00%(upstream:short)%00%(objectname)%00%(upstream:track)%00%(upstream:remotename)%00%(upstream:remoteref) refs/heads/main refs/remotes/main [1ms]
[2022-05-30T15:34:28.192Z] > git for-each-ref --sort -committerdate --format %(refname) %(objectname) %(*objectname) [5ms]
[2022-05-30T15:34:28.193Z] > git remote --verbose [1ms]
[2022-05-30T15:34:28.200Z] > git config --get commit.template [1ms]
[2022-05-30T15:34:44.878Z] > git status -z -uall [3ms]
[2022-05-30T15:34:44.885Z] > git symbolic-ref --short HEAD [0ms]
[2022-05-30T15:34:44.890Z] > git for-each-ref --format=%(refname)%00%(upstream:short)%00%(objectname)%00%(upstream:track)%00%(upstream:remotename)%00%(upstream:remoteref) refs/heads/main refs/remotes/main [1ms]
[2022-05-30T15:34:44.903Z] > git for-each-ref --sort -committerdate --format %(refname) %(objectname) %(*objectname) [7ms]
[2022-05-30T15:34:44.903Z] > git remote --verbose [2ms]
[2022-05-30T15:34:44.909Z] > git config --get commit.template [1ms]
[2022-05-30T15:34:49.917Z] > git status -z -uall [2ms]
[2022-05-30T15:34:49.923Z] > git symbolic-ref --short HEAD [1ms]
[2022-05-30T15:34:49.930Z] > git for-each-ref --format=%(refname)%00%(upstream:short)%00%(objectname)%00%(upstream:track)%00%(upstream:remotename)%00%(upstream:remoteref) refs/heads/main refs/remotes/main [1ms]
[2022-05-30T15:34:49.939Z] > git for-each-ref --sort -committerdate --format %(refname) %(objectname) %(*objectname) [5ms]
[2022-05-30T15:34:49.939Z] > git remote --verbose [1ms]
[2022-05-30T15:34:49.945Z] > git config --get commit.template [1ms]
[2022-05-30T15:34:51.257Z] > git ls-files --stage -- /home/darlan/www/rails/blog/tmp/pessoa.rb [1ms]
[2022-05-30T15:34:51.265Z] > git show --textconv :tmp/pessoa.rb [1ms]
[2022-05-30T15:34:54.953Z] > git status -z -uall [3ms]
[2022-05-30T15:34:54.959Z] > git symbolic-ref --short HEAD [1ms]
[2022-05-30T15:34:54.966Z] > git for-each-ref --format=%(refname)%00%(upstream:short)%00%(objectname)%00%(upstream:track)%00%(upstream:remotename)%00%(upstream:remoteref) refs/heads/main refs/remotes/main [1ms]
[2022-05-30T15:34:54.975Z] > git for-each-ref --sort -committerdate --format %(refname) %(objectname) %(*objectname) [4ms]
[2022-05-30T15:34:54.976Z] > git remote --verbose [1ms]
[2022-05-30T15:34:54.982Z] > git config --get commit.template [2ms]
[2022-05-30T15:35:45.109Z] > git status -z -uall [9ms]
[2022-05-30T15:35:45.122Z] > git symbolic-ref --short HEAD [3ms]
[2022-05-30T15:35:45.132Z] > git for-each-ref --format=%(refname)%00%(upstream:short)%00%(objectname)%00%(upstream:track)%00%(upstream:remotename)%00%(upstream:remoteref) refs/heads/main refs/remotes/main [1ms]
[2022-05-30T15:35:45.146Z] > git for-each-ref --sort -committerdate --format %(refname) %(objectname) %(*objectname) [8ms]
[2022-05-30T15:35:45.146Z] > git remote --verbose [1ms]
[2022-05-30T15:35:45.154Z] > git config --get commit.template [1ms]
[2022-05-30T15:35:50.164Z] > git status -z -uall [4ms]
[2022-05-30T15:35:50.172Z] > git symbolic-ref --short HEAD [2ms]
[2022-05-30T15:35:50.180Z] > git for-each-ref --format=%(refname)%00%(upstream:short)%00%(objectname)%00%(upstream:track)%00%(upstream:remotename)%00%(upstream:remoteref) refs/heads/main refs/remotes/main [1ms]
[2022-05-30T15:35:50.190Z] > git for-each-ref --sort -committerdate --format %(refname) %(objectname) %(*objectname) [5ms]
[2022-05-30T15:35:50.190Z] > git remote --verbose [1ms]
[2022-05-30T15:35:50.197Z] > git config --get commit.template [1ms]
[2022-05-30T15:43:57.225Z] > git rev-parse --show-toplevel [3ms]
[2022-05-30T15:43:57.225Z] fatal: not a git repository (or any parent up to mount point /)
Stopping at filesystem boundary (GIT_DISCOVERY_ACROSS_FILESYSTEM not set).
